<?xml version="1.0" encoding="UTF-8"?>
<testng-results ignored="0" total="1" passed="1" failed="0" skipped="0">
  <reporter-output>
  </reporter-output>
  <suite started-at="2022-12-15T12:01:54 IST" name="Default suite" finished-at="2022-12-15T12:01:54 IST" duration-ms="72">
    <groups>
    </groups>
    <test started-at="2022-12-15T12:01:54 IST" name="Default test" finished-at="2022-12-15T12:01:54 IST" duration-ms="72">
      <class name="com.prctice.geTest">
        <test-method signature="abcd()[pri:0, instance:com.prctice.geTest@7e5afaa6]" started-at="2022-12-15T12:01:54 IST" name="abcd" finished-at="2022-12-15T12:01:54 IST" duration-ms="12" status="PASS">
          <reporter-output>
          </reporter-output>
        </test-method> <!-- abcd -->
      </class> <!-- com.prctice.geTest -->
    </test> <!-- Default test -->
  </suite> <!-- Default suite -->
</testng-results>
